This is XeTeX, Version 3.141592653-2.6-0.999995 (MiKTeX 23.5) (preloaded format=xelatex 2023.10.12)  12 OCT 2023 16:18
entering extended mode
 restricted \write18 enabled.
 %&-line parsing enabled.
**./causalmodels.tex
(causalmodels.tex
LaTeX2e <2023-06-01> patch level 1
L3 programming layer <2023-08-29>
(C:\Program Files\MiKTeX\tex/latex/base\book.cls
Document Class: book 2023/05/17 v1.4n Standard LaTeX document class
(C:\Program Files\MiKTeX\tex/latex/base\bk12.clo
File: bk12.clo 2023/05/17 v1.4n Standard LaTeX file (size option)
)
\c@part=\count181
\c@chapter=\count182
\c@section=\count183
\c@subsection=\count184
\c@subsubsection=\count185
\c@paragraph=\count186
\c@subparagraph=\count187
\c@figure=\count188
\c@table=\count189
\abovecaptionskip=\skip48
\belowcaptionskip=\skip49
\bibindent=\dimen140
) (C:\Program Files\MiKTeX\tex/latex/amsmath\amsmath.sty
Package: amsmath 2023/05/13 v2.17o AMS math features
\@mathmargin=\skip50
For additional information on amsmath, use the `?' option.
(C:\Program Files\MiKTeX\tex/latex/amsmath\amstext.sty
Package: amstext 2021/08/26 v2.01 AMS text
(C:\Program Files\MiKTeX\tex/latex/amsmath\amsgen.sty
File: amsgen.sty 1999/11/30 v2.0 generic functions
\@emptytoks=\toks17
\ex@=\dimen141
)) (C:\Program Files\MiKTeX\tex/latex/amsmath\amsbsy.sty
Package: amsbsy 1999/11/29 v1.2d Bold Symbols
\pmbraise@=\dimen142
) (C:\Program Files\MiKTeX\tex/latex/amsmath\amsopn.sty
Package: amsopn 2022/04/08 v2.04 operator names
)
\inf@bad=\count190
LaTeX Info: Redefining \frac on input line 234.
\uproot@=\count191
\leftroot@=\count192
LaTeX Info: Redefining \overline on input line 399.
LaTeX Info: Redefining \colon on input line 410.
\classnum@=\count193
\DOTSCASE@=\count194
LaTeX Info: Redefining \ldots on input line 496.
LaTeX Info: Redefining \dots on input line 499.
LaTeX Info: Redefining \cdots on input line 620.
\Mathstrutbox@=\box51
\strutbox@=\box52
LaTeX Info: Redefining \big on input line 722.
LaTeX Info: Redefining \Big on input line 723.
LaTeX Info: Redefining \bigg on input line 724.
LaTeX Info: Redefining \Bigg on input line 725.
\big@size=\dimen143
LaTeX Font Info:    Redeclaring font encoding OML on input line 743.
LaTeX Font Info:    Redeclaring font encoding OMS on input line 744.
\macc@depth=\count195
LaTeX Info: Redefining \bmod on input line 905.
LaTeX Info: Redefining \pmod on input line 910.
LaTeX Info: Redefining \smash on input line 940.
LaTeX Info: Redefining \relbar on input line 970.
LaTeX Info: Redefining \Relbar on input line 971.
\c@MaxMatrixCols=\count196
\dotsspace@=\muskip16
\c@parentequation=\count197
\dspbrk@lvl=\count198
\tag@help=\toks18
\row@=\count199
\column@=\count266
\maxfields@=\count267
\andhelp@=\toks19
\eqnshift@=\dimen144
\alignsep@=\dimen145
\tagshift@=\dimen146
\tagwidth@=\dimen147
\totwidth@=\dimen148
\lineht@=\dimen149
\@envbody=\toks20
\multlinegap=\skip51
\multlinetaggap=\skip52
\mathdisplay@stack=\toks21
LaTeX Info: Redefining \[ on input line 2953.
LaTeX Info: Redefining \] on input line 2954.
) (C:\Program Files\MiKTeX\tex/latex/amsfonts\amssymb.sty
Package: amssymb 2013/01/14 v3.01 AMS font symbols
(C:\Program Files\MiKTeX\tex/latex/amsfonts\amsfonts.sty
Package: amsfonts 2013/01/14 v3.01 Basic AMSFonts support
\symAMSa=\mathgroup4
\symAMSb=\mathgroup5
LaTeX Font Info:    Redeclaring math symbol \hbar on input line 98.
LaTeX Font Info:    Overwriting math alphabet `\mathfrak' in version `bold'
(Font)                  U/euf/m/n --> U/euf/b/n on input line 106.
)) (C:\Program Files\MiKTeX\tex/generic/iftex\iftex.sty
Package: iftex 2022/02/03 v1.0f TeX engine tests
) (C:\Program Files\MiKTeX\tex/latex/unicode-math\unicode-math.sty (C:\Program 
Files\MiKTeX\tex/latex/l3kernel\expl3.sty
Package: expl3 2023-08-29 L3 programming layer (loader) 
(C:\Program Files\MiKTeX\tex/latex/l3backend\l3backend-xetex.def
File: l3backend-xetex.def 2023-04-19 L3 backend support: XeTeX
\g__graphics_track_int=\count268
\l__pdf_internal_box=\box53
\g__pdf_backend_object_int=\count269
\g__pdf_backend_annotation_int=\count270
\g__pdf_backend_link_int=\count271
))
Package: unicode-math 2023/08/13 v0.8r Unicode maths in XeLaTeX and LuaLaTeX
(C:\Program Files\MiKTeX\tex/latex/unicode-math\unicode-math-xetex.sty
Package: unicode-math-xetex 2023/08/13 v0.8r Unicode maths in XeLaTeX and LuaLa
TeX
(C:\Program Files\MiKTeX\tex/latex/l3packages/xparse\xparse.sty
Package: xparse 2023-08-29 L3 Experimental document command parser
) (C:\Program Files\MiKTeX\tex/latex/l3packages/l3keys2e\l3keys2e.sty
Package: l3keys2e 2023-08-29 LaTeX2e option processing using LaTeX3 keys
) (C:\Program Files\MiKTeX\tex/latex/fontspec\fontspec.sty
Package: fontspec 2022/01/15 v2.8a Font selection for XeLaTeX and LuaLaTeX
(C:\Program Files\MiKTeX\tex/latex/fontspec\fontspec-xetex.sty
Package: fontspec-xetex 2022/01/15 v2.8a Font selection for XeLaTeX and LuaLaTe
X
\l__fontspec_script_int=\count272
\l__fontspec_language_int=\count273
\l__fontspec_strnum_int=\count274
\l__fontspec_tmp_int=\count275
\l__fontspec_tmpa_int=\count276
\l__fontspec_tmpb_int=\count277
\l__fontspec_tmpc_int=\count278
\l__fontspec_em_int=\count279
\l__fontspec_emdef_int=\count280
\l__fontspec_strong_int=\count281
\l__fontspec_strongdef_int=\count282
\l__fontspec_tmpa_dim=\dimen150
\l__fontspec_tmpb_dim=\dimen151
\l__fontspec_tmpc_dim=\dimen152
(C:\Program Files\MiKTeX\tex/latex/base\fontenc.sty
Package: fontenc 2021/04/29 v2.0v Standard LaTeX package
) (C:\Program Files\MiKTeX\tex/latex/fontspec\fontspec.cfg))) (C:\Program Files
\MiKTeX\tex/latex/base\fix-cm.sty
Package: fix-cm 2020/11/24 v1.1t fixes to LaTeX
(C:\Program Files\MiKTeX\tex/latex/base\ts1enc.def
File: ts1enc.def 2001/06/05 v3.0e (jk/car/fm) Standard LaTeX file
LaTeX Font Info:    Redeclaring font encoding TS1 on input line 47.
))
\g__um_fam_int=\count283
\g__um_fonts_used_int=\count284
\l__um_primecount_int=\count285
\g__um_primekern_muskip=\muskip17
(C:\Program Files\MiKTeX\tex/latex/unicode-math\unicode-math-table.tex))) (C:\P
rogram Files\MiKTeX\tex/latex/lm\lmodern.sty
Package: lmodern 2015/05/01 v1.6.1 Latin Modern Fonts
LaTeX Font Info:    Overwriting symbol font `operators' in version `normal'
(Font)                  OT1/cmr/m/n --> OT1/lmr/m/n on input line 22.
LaTeX Font Info:    Overwriting symbol font `letters' in version `normal'
(Font)                  OML/cmm/m/it --> OML/lmm/m/it on input line 23.
LaTeX Font Info:    Overwriting symbol font `symbols' in version `normal'
(Font)                  OMS/cmsy/m/n --> OMS/lmsy/m/n on input line 24.
LaTeX Font Info:    Overwriting symbol font `largesymbols' in version `normal'
(Font)                  OMX/cmex/m/n --> OMX/lmex/m/n on input line 25.
LaTeX Font Info:    Overwriting symbol font `operators' in version `bold'
(Font)                  OT1/cmr/bx/n --> OT1/lmr/bx/n on input line 26.
LaTeX Font Info:    Overwriting symbol font `letters' in version `bold'
(Font)                  OML/cmm/b/it --> OML/lmm/b/it on input line 27.
LaTeX Font Info:    Overwriting symbol font `symbols' in version `bold'
(Font)                  OMS/cmsy/b/n --> OMS/lmsy/b/n on input line 28.
LaTeX Font Info:    Overwriting symbol font `largesymbols' in version `bold'
(Font)                  OMX/cmex/m/n --> OMX/lmex/m/n on input line 29.
LaTeX Font Info:    Overwriting math alphabet `\mathbf' in version `normal'
(Font)                  OT1/cmr/bx/n --> OT1/lmr/bx/n on input line 31.
LaTeX Font Info:    Overwriting math alphabet `\mathsf' in version `normal'
(Font)                  OT1/cmss/m/n --> OT1/lmss/m/n on input line 32.
LaTeX Font Info:    Overwriting math alphabet `\mathit' in version `normal'
(Font)                  OT1/cmr/m/it --> OT1/lmr/m/it on input line 33.
LaTeX Font Info:    Overwriting math alphabet `\mathtt' in version `normal'
(Font)                  OT1/cmtt/m/n --> OT1/lmtt/m/n on input line 34.
LaTeX Font Info:    Overwriting math alphabet `\mathbf' in version `bold'
(Font)                  OT1/cmr/bx/n --> OT1/lmr/bx/n on input line 35.
LaTeX Font Info:    Overwriting math alphabet `\mathsf' in version `bold'
(Font)                  OT1/cmss/bx/n --> OT1/lmss/bx/n on input line 36.
LaTeX Font Info:    Overwriting math alphabet `\mathit' in version `bold'
(Font)                  OT1/cmr/bx/it --> OT1/lmr/bx/it on input line 37.
LaTeX Font Info:    Overwriting math alphabet `\mathtt' in version `bold'
(Font)                  OT1/cmtt/m/n --> OT1/lmtt/m/n on input line 38.
) (C:\Program Files\MiKTeX\tex/latex/upquote\upquote.sty
Package: upquote 2012/04/19 v1.3 upright-quote and grave-accent glyphs in verba
tim
(C:\Program Files\MiKTeX\tex/latex/base\textcomp.sty
Package: textcomp 2020/02/02 v2.0n Standard LaTeX package
)) (C:\Program Files\MiKTeX\tex/latex/microtype\microtype.sty
Package: microtype 2023/03/13 v3.1a Micro-typographical refinements (RS)
(C:\Program Files\MiKTeX\tex/latex/graphics\keyval.sty
Package: keyval 2022/05/29 v1.15 key=value parser (DPC)
\KV@toks@=\toks22
) (C:\Program Files\MiKTeX\tex/latex/etoolbox\etoolbox.sty
Package: etoolbox 2020/10/05 v2.5k e-TeX tools for LaTeX (JAW)
\etb@tempcnta=\count286
)
\MT@toks=\toks23
\MT@tempbox=\box54
\MT@count=\count287
LaTeX Info: Redefining \noprotrusionifhmode on input line 1059.
LaTeX Info: Redefining \leftprotrusion on input line 1060.
\MT@prot@toks=\toks24
LaTeX Info: Redefining \rightprotrusion on input line 1078.
LaTeX Info: Redefining \textls on input line 1368.
\MT@outer@kern=\dimen153
LaTeX Info: Redefining \textmicrotypecontext on input line 1988.
\MT@listname@count=\count288
(C:\Program Files\MiKTeX\tex/latex/microtype\microtype-xetex.def
File: microtype-xetex.def 2023/03/13 v3.1a Definitions specific to xetex (RS)
LaTeX Info: Redefining \lsstyle on input line 238.
)
Package microtype Info: Loading configuration file microtype.cfg.
(C:\Program Files\MiKTeX\tex/latex/microtype\microtype.cfg
File: microtype.cfg 2023/03/13 v3.1a microtype main configuration file (RS)
)) (C:\Program Files\MiKTeX\tex/latex/parskip\parskip.sty
Package: parskip 2021-03-14 v2.0h non-zero parskip adjustments
(C:\Program Files\MiKTeX\tex/latex/kvoptions\kvoptions.sty
Package: kvoptions 2022-06-15 v3.15 Key value format for package options (HO)
(C:\Program Files\MiKTeX\tex/generic/ltxcmds\ltxcmds.sty
Package: ltxcmds 2020-05-10 v1.25 LaTeX kernel commands for general use (HO)
) (C:\Program Files\MiKTeX\tex/latex/kvsetkeys\kvsetkeys.sty
Package: kvsetkeys 2022-10-05 v1.19 Key value parser (HO)
))) (C:\Program Files\MiKTeX\tex/latex/xcolor\xcolor.sty
Package: xcolor 2022/06/12 v2.14 LaTeX color extensions (UK)
(C:\Program Files\MiKTeX\tex/latex/graphics-cfg\color.cfg
File: color.cfg 2016/01/02 v1.6 sample color configuration
)
Package xcolor Info: Driver file: xetex.def on input line 227.
(C:\Program Files\MiKTeX\tex/latex/graphics-def\xetex.def
File: xetex.def 2022/09/22 v5.0n Graphics/color driver for xetex
) (C:\Program Files\MiKTeX\tex/latex/graphics\mathcolor.ltx)
Package xcolor Info: Model `cmy' substituted by `cmy0' on input line 1353.
Package xcolor Info: Model `RGB' extended on input line 1369.
Package xcolor Info: Model `HTML' substituted by `rgb' on input line 1371.
Package xcolor Info: Model `Hsb' substituted by `hsb' on input line 1372.
Package xcolor Info: Model `tHsb' substituted by `hsb' on input line 1373.
Package xcolor Info: Model `HSB' substituted by `hsb' on input line 1374.
Package xcolor Info: Model `Gray' substituted by `gray' on input line 1375.
Package xcolor Info: Model `wave' substituted by `hsb' on input line 1376.
) (C:\Program Files\MiKTeX\tex/latex/fancyvrb\fancyvrb.sty
Package: fancyvrb 2023/01/19 4.5a verbatim text (tvz,hv)
\FV@CodeLineNo=\count289
\FV@InFile=\read2
\FV@TabBox=\box55
\c@FancyVerbLine=\count290
\FV@StepNumber=\count291
\FV@OutFile=\write3
) (C:\Program Files\MiKTeX\tex/latex/framed\framed.sty
Package: framed 2011/10/22 v 0.96: framed or shaded text with page breaks
\OuterFrameSep=\skip53
\fb@frw=\dimen154
\fb@frh=\dimen155
\FrameRule=\dimen156
\FrameSep=\dimen157
) (C:\Program Files\MiKTeX\tex/latex/tools\longtable.sty
Package: longtable 2021-09-01 v4.17 Multi-page Table package (DPC)
\LTleft=\skip54
\LTright=\skip55
\LTpre=\skip56
\LTpost=\skip57
\LTchunksize=\count292
\LTcapwidth=\dimen158
\LT@head=\box56
\LT@firsthead=\box57
\LT@foot=\box58
\LT@lastfoot=\box59
\LT@gbox=\box60
\LT@cols=\count293
\LT@rows=\count294
\c@LT@tables=\count295
\c@LT@chunks=\count296
\LT@p@ftn=\toks25
) (C:\Program Files\MiKTeX\tex/latex/booktabs\booktabs.sty
Package: booktabs 2020/01/12 v1.61803398 Publication quality tables
\heavyrulewidth=\dimen159
\lightrulewidth=\dimen160
\cmidrulewidth=\dimen161
\belowrulesep=\dimen162
\belowbottomsep=\dimen163
\aboverulesep=\dimen164
\abovetopsep=\dimen165
\cmidrulesep=\dimen166
\cmidrulekern=\dimen167
\defaultaddspace=\dimen168
\@cmidla=\count297
\@cmidlb=\count298
\@aboverulesep=\dimen169
\@belowrulesep=\dimen170
\@thisruleclass=\count299
\@lastruleclass=\count300
\@thisrulewidth=\dimen171
) (C:\Program Files\MiKTeX\tex/latex/tools\array.sty
Package: array 2022/09/04 v2.5g Tabular extension package (FMi)
\col@sep=\dimen172
\ar@mcellbox=\box61
\extrarowheight=\dimen173
\NC@list=\toks26
\extratabsurround=\skip58
\backup@length=\skip59
\ar@cellbox=\box62
) (C:\Program Files\MiKTeX\tex/latex/tools\calc.sty
Package: calc 2017/05/25 v4.3 Infix arithmetic (KKT,FJ)
\calc@Acount=\count301
\calc@Bcount=\count302
\calc@Adimen=\dimen174
\calc@Bdimen=\dimen175
\calc@Askip=\skip60
\calc@Bskip=\skip61
LaTeX Info: Redefining \setlength on input line 80.
LaTeX Info: Redefining \addtolength on input line 81.
\calc@Ccount=\count303
\calc@Cskip=\skip62
) (C:\Program Files\MiKTeX\tex/latex/footnotehyper\footnotehyper.sty
Package: footnotehyper 2021/08/13 v1.1e hyperref aware footnote.sty (JFB)
\FNH@notes=\box63
\FNH@width=\dimen176
\FNH@toks=\toks27
) (C:\Program Files\MiKTeX\tex/latex/graphics\graphicx.sty
Package: graphicx 2021/09/16 v1.2d Enhanced LaTeX Graphics (DPC,SPQR)
(C:\Program Files\MiKTeX\tex/latex/graphics\graphics.sty
Package: graphics 2022/03/10 v1.4e Standard LaTeX Graphics (DPC,SPQR)
(C:\Program Files\MiKTeX\tex/latex/graphics\trig.sty
Package: trig 2021/08/11 v1.11 sin cos tan (DPC)
) (C:\Program Files\MiKTeX\tex/latex/graphics-cfg\graphics.cfg
File: graphics.cfg 2016/06/04 v1.11 sample graphics configuration
)
Package graphics Info: Driver file: xetex.def on input line 107.
)
\Gin@req@height=\dimen177
\Gin@req@width=\dimen178
) (C:\Program Files\MiKTeX\tex/latex/doublestroke\dsfont.sty
Package: dsfont 1995/08/01 v0.1 Double stroke roman fonts
) (C:\Program Files\MiKTeX\tex/latex/natbib\natbib.sty
Package: natbib 2010/09/13 8.31b (PWD, AO)
\bibhang=\skip63
\bibsep=\skip64
LaTeX Info: Redefining \cite on input line 694.
\c@NAT@ctr=\count304
) (C:\Program Files\MiKTeX\tex/latex/bookmark\bookmark.sty
Package: bookmark 2020-11-06 v1.29 PDF bookmarks (HO)
(C:\Program Files\MiKTeX\tex/latex/hyperref\hyperref.sty
Package: hyperref 2023-07-08 v7.01b Hypertext links for LaTeX
(C:\Program Files\MiKTeX\tex/generic/pdftexcmds\pdftexcmds.sty
Package: pdftexcmds 2020-06-27 v0.33 Utility functions of pdfTeX for LuaTeX (HO
)
(C:\Program Files\MiKTeX\tex/generic/infwarerr\infwarerr.sty
Package: infwarerr 2019/12/03 v1.5 Providing info/warning/error messages (HO)
)
Package pdftexcmds Info: \pdf@primitive is available.
Package pdftexcmds Info: \pdf@ifprimitive is available.
Package pdftexcmds Info: \pdfdraftmode not found.
) (C:\Program Files\MiKTeX\tex/generic/kvdefinekeys\kvdefinekeys.sty
Package: kvdefinekeys 2019-12-19 v1.6 Define keys (HO)
) (C:\Program Files\MiKTeX\tex/generic/pdfescape\pdfescape.sty
Package: pdfescape 2019/12/09 v1.15 Implements pdfTeX's escape features (HO)
) (C:\Program Files\MiKTeX\tex/latex/hycolor\hycolor.sty
Package: hycolor 2020-01-27 v1.10 Color options for hyperref/bookmark (HO)
) (C:\Program Files\MiKTeX\tex/latex/letltxmacro\letltxmacro.sty
Package: letltxmacro 2019/12/03 v1.6 Let assignment for LaTeX macros (HO)
) (C:\Program Files\MiKTeX\tex/latex/auxhook\auxhook.sty
Package: auxhook 2019-12-17 v1.6 Hooks for auxiliary files (HO)
) (C:\Program Files\MiKTeX\tex/latex/hyperref\nameref.sty
Package: nameref 2023-08-07 v2.53 Cross-referencing by name of section
(C:\Program Files\MiKTeX\tex/latex/refcount\refcount.sty
Package: refcount 2019/12/15 v3.6 Data extraction from label references (HO)
) (C:\Program Files\MiKTeX\tex/generic/gettitlestring\gettitlestring.sty
Package: gettitlestring 2019/12/15 v1.6 Cleanup title references (HO)
)
\c@section@level=\count305
)
\@linkdim=\dimen179
\Hy@linkcounter=\count306
\Hy@pagecounter=\count307
(C:\Program Files\MiKTeX\tex/latex/hyperref\pd1enc.def
File: pd1enc.def 2023-07-08 v7.01b Hyperref: PDFDocEncoding definition (HO)
) (C:\Program Files\MiKTeX\tex/generic/intcalc\intcalc.sty
Package: intcalc 2019/12/15 v1.3 Expandable calculations with integers (HO)
)
\Hy@SavedSpaceFactor=\count308
(C:\Program Files\MiKTeX\tex/latex/hyperref\puenc.def
File: puenc.def 2023-07-08 v7.01b Hyperref: PDF Unicode definition (HO)
)
Package hyperref Info: Option `unicode' set `true' on input line 4050.
Package hyperref Info: Hyper figures OFF on input line 4167.
Package hyperref Info: Link nesting OFF on input line 4172.
Package hyperref Info: Hyper index ON on input line 4175.
Package hyperref Info: Plain pages OFF on input line 4182.
Package hyperref Info: Backreferencing OFF on input line 4187.
Package hyperref Info: Implicit mode ON; LaTeX internals redefined.
Package hyperref Info: Bookmarks ON on input line 4434.
\c@Hy@tempcnt=\count309
(C:\Program Files\MiKTeX\tex/latex/url\url.sty
\Urlmuskip=\muskip18
Package: url 2013/09/16  ver 3.4  Verb mode for urls, etc.
)
LaTeX Info: Redefining \url on input line 4772.
\XeTeXLinkMargin=\dimen180
(C:\Program Files\MiKTeX\tex/generic/bitset\bitset.sty
Package: bitset 2019/12/09 v1.3 Handle bit-vector datatype (HO)
(C:\Program Files\MiKTeX\tex/generic/bigintcalc\bigintcalc.sty
Package: bigintcalc 2019/12/15 v1.5 Expandable calculations on big integers (HO
)
))
\Fld@menulength=\count310
\Field@Width=\dimen181
\Fld@charsize=\dimen182
Package hyperref Info: Hyper figures OFF on input line 6051.
Package hyperref Info: Link nesting OFF on input line 6056.
Package hyperref Info: Hyper index ON on input line 6059.
Package hyperref Info: backreferencing OFF on input line 6066.
Package hyperref Info: Link coloring OFF on input line 6071.
Package hyperref Info: Link coloring with OCG OFF on input line 6076.
Package hyperref Info: PDF/A mode OFF on input line 6081.
(C:\Program Files\MiKTeX\tex/latex/base\atbegshi-ltx.sty
Package: atbegshi-ltx 2021/01/10 v1.0c Emulation of the original atbegshi
package with kernel methods
)
\Hy@abspage=\count311
\c@Item=\count312
\c@Hfootnote=\count313
)
Package hyperref Info: Driver (autodetected): hxetex.
(C:\Program Files\MiKTeX\tex/latex/hyperref\hxetex.def
File: hxetex.def 2023-07-08 v7.01b Hyperref driver for XeTeX
(C:\Program Files\MiKTeX\tex/generic/stringenc\stringenc.sty
Package: stringenc 2019/11/29 v1.12 Convert strings between diff. encodings (HO
)
)
\pdfm@box=\box64
\c@Hy@AnnotLevel=\count314
\HyField@AnnotCount=\count315
\Fld@listcount=\count316
\c@bookmark@seq@number=\count317
(C:\Program Files\MiKTeX\tex/latex/rerunfilecheck\rerunfilecheck.sty
Package: rerunfilecheck 2022-07-10 v1.10 Rerun checks for auxiliary files (HO)
(C:\Program Files\MiKTeX\tex/latex/base\atveryend-ltx.sty
Package: atveryend-ltx 2020/08/19 v1.0a Emulation of the original atveryend pac
kage
with kernel methods
) (C:\Program Files\MiKTeX\tex/generic/uniquecounter\uniquecounter.sty
Package: uniquecounter 2019/12/15 v1.4 Provide unlimited unique counter (HO)
)
Package uniquecounter Info: New unique counter `rerunfilecheck' on input line 2
85.
)
\Hy@SectionHShift=\skip65
) (C:\Program Files\MiKTeX\tex/latex/bookmark\bkm-dvipdfm.def
File: bkm-dvipdfm.def 2020-11-06 v1.29 bookmark driver for dvipdfm (HO)
\BKM@id=\count318
)) (C:\Program Files\MiKTeX\tex/latex/xurl\xurl.sty
Package: xurl 2022/01/09 v 0.10 modify URL breaks
) (causalmodels.aux

LaTeX Warning: Label `tab:unnamed-chunk-92' multiply defined.


LaTeX Warning: Label `tab:unnamed-chunk-92' multiply defined.


LaTeX Warning: Label `tab:unnamed-chunk-92' multiply defined.


LaTeX Warning: Label `tab:unnamed-chunk-110' multiply defined.

)
\openout1 = `causalmodels.aux'.

LaTeX Font Info:    Checking defaults for OML/cmm/m/it on input line 135.
LaTeX Font Info:    ... okay on input line 135.
LaTeX Font Info:    Checking defaults for OMS/cmsy/m/n on input line 135.
LaTeX Font Info:    ... okay on input line 135.
LaTeX Font Info:    Checking defaults for OT1/cmr/m/n on input line 135.
LaTeX Font Info:    ... okay on input line 135.
LaTeX Font Info:    Checking defaults for T1/cmr/m/n on input line 135.
LaTeX Font Info:    ... okay on input line 135.
LaTeX Font Info:    Checking defaults for TS1/cmr/m/n on input line 135.
LaTeX Font Info:    ... okay on input line 135.
LaTeX Font Info:    Checking defaults for TU/lmr/m/n on input line 135.
LaTeX Font Info:    ... okay on input line 135.
LaTeX Font Info:    Checking defaults for OMX/cmex/m/n on input line 135.
LaTeX Font Info:    ... okay on input line 135.
LaTeX Font Info:    Checking defaults for U/cmr/m/n on input line 135.
LaTeX Font Info:    ... okay on input line 135.
LaTeX Font Info:    Checking defaults for PD1/pdf/m/n on input line 135.
LaTeX Font Info:    ... okay on input line 135.
LaTeX Font Info:    Checking defaults for PU/pdf/m/n on input line 135.
LaTeX Font Info:    ... okay on input line 135.
LaTeX Font Info:    Overwriting math alphabet `\mathrm' in version `normal'
(Font)                  OT1/lmr/m/n --> TU/lmr/m/n on input line 135.
LaTeX Font Info:    Overwriting math alphabet `\mathit' in version `normal'
(Font)                  OT1/lmr/m/it --> TU/lmr/m/it on input line 135.
LaTeX Font Info:    Overwriting math alphabet `\mathbf' in version `normal'
(Font)                  OT1/lmr/bx/n --> TU/lmr/bx/n on input line 135.
LaTeX Font Info:    Overwriting math alphabet `\mathsf' in version `normal'
(Font)                  OT1/lmss/m/n --> TU/lmss/m/n on input line 135.
LaTeX Font Info:    Overwriting math alphabet `\mathsf' in version `bold'
(Font)                  OT1/lmss/bx/n --> TU/lmss/bx/n on input line 135.
LaTeX Font Info:    Overwriting math alphabet `\mathtt' in version `normal'
(Font)                  OT1/lmtt/m/n --> TU/lmtt/m/n on input line 135.
LaTeX Font Info:    Overwriting math alphabet `\mathtt' in version `bold'
(Font)                  OT1/lmtt/m/n --> TU/lmtt/bx/n on input line 135.

Package fontspec Info: latinmodern-math scale = 0.9999970497384594.


Package fontspec Info: latinmodern-math scale = 0.9999970497384594.


Package fontspec Info: latinmodern-math scale = 0.9999970497384594.


Package fontspec Info: Font family 'latinmodern-math.otf(0)' created for font
(fontspec)             'latinmodern-math.otf' with options
(fontspec)             [Scale=MatchLowercase,BoldItalicFont={},ItalicFont={},Sm
allCapsFont={},Script=Math,BoldFont={latinmodern-math.otf}].
(fontspec)              
(fontspec)              This font family consists of the following NFSS
(fontspec)             series/shapes:
(fontspec)              
(fontspec)             - 'normal' (m/n) with NFSS spec.:
(fontspec)             <->s*[0.9999970497384594]"[latinmodern-math.otf]/OT:scri
pt=math;language=dflt;"
(fontspec)             - 'small caps'  (m/sc) with NFSS spec.: 
(fontspec)             - 'bold' (b/n) with NFSS spec.:
(fontspec)             <->s*[0.9999970497384594]"[latinmodern-math.otf]/OT:scri
pt=math;language=dflt;"
(fontspec)             - 'bold small caps'  (b/sc) with NFSS spec.: 

LaTeX Font Info:    Font shape `TU/latinmodern-math.otf(0)/m/n' will be
(Font)              scaled to size 12.0pt on input line 135.

Package fontspec Info: latinmodern-math scale = 0.9999970497384594.


Package fontspec Info: latinmodern-math scale = 0.9999970497384594.


Package fontspec Info: latinmodern-math scale = 0.9999970497384594.


Package fontspec Info: latinmodern-math scale = 0.9999970497384594.


Package fontspec Info: latinmodern-math scale = 0.9999970497384594.


Package fontspec Info: Font family 'latinmodern-math.otf(1)' created for font
(fontspec)             'latinmodern-math.otf' with options
(fontspec)             [Scale=MatchLowercase,BoldItalicFont={},ItalicFont={},Sm
allCapsFont={},Script=Math,SizeFeatures={{Size=10.2-},{Size=7.2-10.2,Font=latin
modern-math.otf,Style=MathScript},{Size=-7.2,Font=latinmodern-math.otf,Style=Ma
thScriptScript}},BoldFont={latinmodern-math.otf}].
(fontspec)              
(fontspec)              This font family consists of the following NFSS
(fontspec)             series/shapes:
(fontspec)              
(fontspec)             - 'normal' (m/n) with NFSS spec.:
(fontspec)             <10.2->s*[0.9999970497384594]"[latinmodern-math.otf]/OT:
script=math;language=dflt;"<7.2-10.2>s*[0.9999970497384594]"[latinmodern-math.o
tf]/OT:script=math;language=dflt;+ssty=0;"<-7.2>s*[0.9999970497384594]"[latinmo
dern-math.otf]/OT:script=math;language=dflt;+ssty=1;"
(fontspec)             - 'small caps'  (m/sc) with NFSS spec.: 
(fontspec)             - 'bold' (b/n) with NFSS spec.:
(fontspec)             <->s*[0.9999970497384594]"[latinmodern-math.otf]/OT:scri
pt=math;language=dflt;"
(fontspec)             - 'bold small caps'  (b/sc) with NFSS spec.: 

LaTeX Font Info:    Font shape `TU/latinmodern-math.otf(1)/m/n' will be
(Font)              scaled to size 12.0pt on input line 135.
LaTeX Font Info:    Encoding `OT1' has changed to `TU' for symbol font
(Font)              `operators' in the math version `normal' on input line 135.

LaTeX Font Info:    Overwriting symbol font `operators' in version `normal'
(Font)                  OT1/lmr/m/n --> TU/latinmodern-math.otf(1)/m/n on input
 line 135.
LaTeX Font Info:    Encoding `OT1' has changed to `TU' for symbol font
(Font)              `operators' in the math version `bold' on input line 135.
LaTeX Font Info:    Overwriting symbol font `operators' in version `bold'
(Font)                  OT1/lmr/bx/n --> TU/latinmodern-math.otf(1)/b/n on inpu
t line 135.

Package fontspec Info: latinmodern-math scale = 0.9999970497384594.


Package fontspec Info: latinmodern-math scale = 1.000097049443433.


Package fontspec Info: latinmodern-math scale = 0.9999970497384594.


Package fontspec Info: latinmodern-math scale = 1.000097049443433.


Package fontspec Info: latinmodern-math scale = 0.9999970497384594.


Package fontspec Info: latinmodern-math scale = 1.000097049443433.


Package fontspec Info: latinmodern-math scale = 0.9999970497384594.


Package fontspec Info: latinmodern-math scale = 1.000097049443433.


Package fontspec Info: latinmodern-math scale = 0.9999970497384594.


Package fontspec Info: latinmodern-math scale = 1.000097049443433.


Package fontspec Info: Font family 'latinmodern-math.otf(2)' created for font
(fontspec)             'latinmodern-math.otf' with options
(fontspec)             [Scale=MatchLowercase,BoldItalicFont={},ItalicFont={},Sm
allCapsFont={},Script=Math,SizeFeatures={{Size=10.2-},{Size=7.2-10.2,Font=latin
modern-math.otf,Style=MathScript},{Size=-7.2,Font=latinmodern-math.otf,Style=Ma
thScriptScript}},BoldFont={latinmodern-math.otf},ScaleAgain=1.0001,FontAdjustme
nt={\fontdimen
(fontspec)             8\font =8.124pt\relax \fontdimen 9\font =4.728pt\relax
(fontspec)             \fontdimen 10\font =5.328pt\relax \fontdimen 11\font
(fontspec)             =8.232pt\relax \fontdimen 12\font =4.14pt\relax
(fontspec)             \fontdimen 13\font =4.356pt\relax \fontdimen 14\font
(fontspec)             =4.356pt\relax \fontdimen 15\font =3.468pt\relax
(fontspec)             \fontdimen 16\font =2.964pt\relax \fontdimen 17\font
(fontspec)             =2.964pt\relax \fontdimen 18\font =3.0pt\relax
(fontspec)             \fontdimen 19\font =2.4pt\relax \fontdimen 22\font
(fontspec)             =3.0pt\relax \fontdimen 20\font =0pt\relax \fontdimen
(fontspec)             21\font =0pt\relax }].
(fontspec)              
(fontspec)              This font family consists of the following NFSS
(fontspec)             series/shapes:
(fontspec)              
(fontspec)             - 'normal' (m/n) with NFSS spec.:
(fontspec)             <10.2->s*[1.000097049443433]"[latinmodern-math.otf]/OT:s
cript=math;language=dflt;"<7.2-10.2>s*[1.000097049443433]"[latinmodern-math.otf
]/OT:script=math;language=dflt;+ssty=0;"<-7.2>s*[1.000097049443433]"[latinmoder
n-math.otf]/OT:script=math;language=dflt;+ssty=1;"
(fontspec)             - 'small caps'  (m/sc) with NFSS spec.: 
(fontspec)             and font adjustment code:
(fontspec)             \fontdimen 8\font =8.124pt\relax \fontdimen 9\font
(fontspec)             =4.728pt\relax \fontdimen 10\font =5.328pt\relax
(fontspec)             \fontdimen 11\font =8.232pt\relax \fontdimen 12\font
(fontspec)             =4.14pt\relax \fontdimen 13\font =4.356pt\relax
(fontspec)             \fontdimen 14\font =4.356pt\relax \fontdimen 15\font
(fontspec)             =3.468pt\relax \fontdimen 16\font =2.964pt\relax
(fontspec)             \fontdimen 17\font =2.964pt\relax \fontdimen 18\font
(fontspec)             =3.0pt\relax \fontdimen 19\font =2.4pt\relax \fontdimen
(fontspec)             22\font =3.0pt\relax \fontdimen 20\font =0pt\relax
(fontspec)             \fontdimen 21\font =0pt\relax 
(fontspec)             - 'bold' (b/n) with NFSS spec.:
(fontspec)             <->s*[1.000097049443433]"[latinmodern-math.otf]/OT:scrip
t=math;language=dflt;"
(fontspec)             - 'bold small caps'  (b/sc) with NFSS spec.: 
(fontspec)             and font adjustment code:
(fontspec)             \fontdimen 8\font =8.124pt\relax \fontdimen 9\font
(fontspec)             =4.728pt\relax \fontdimen 10\font =5.328pt\relax
(fontspec)             \fontdimen 11\font =8.232pt\relax \fontdimen 12\font
(fontspec)             =4.14pt\relax \fontdimen 13\font =4.356pt\relax
(fontspec)             \fontdimen 14\font =4.356pt\relax \fontdimen 15\font
(fontspec)             =3.468pt\relax \fontdimen 16\font =2.964pt\relax
(fontspec)             \fontdimen 17\font =2.964pt\relax \fontdimen 18\font
(fontspec)             =3.0pt\relax \fontdimen 19\font =2.4pt\relax \fontdimen
(fontspec)             22\font =3.0pt\relax \fontdimen 20\font =0pt\relax
(fontspec)             \fontdimen 21\font =0pt\relax 

LaTeX Font Info:    Encoding `OMS' has changed to `TU' for symbol font
(Font)              `symbols' in the math version `normal' on input line 135.
LaTeX Font Info:    Overwriting symbol font `symbols' in version `normal'
(Font)                  OMS/lmsy/m/n --> TU/latinmodern-math.otf(2)/m/n on inpu
t line 135.
LaTeX Font Info:    Encoding `OMS' has changed to `TU' for symbol font
(Font)              `symbols' in the math version `bold' on input line 135.
LaTeX Font Info:    Overwriting symbol font `symbols' in version `bold'
(Font)                  OMS/lmsy/b/n --> TU/latinmodern-math.otf(2)/b/n on inpu
t line 135.

Package fontspec Info: latinmodern-math scale = 0.9999970497384594.


Package fontspec Info: latinmodern-math scale = 0.9998970500334856.


Package fontspec Info: latinmodern-math scale = 0.9999970497384594.


Package fontspec Info: latinmodern-math scale = 0.9998970500334856.


Package fontspec Info: latinmodern-math scale = 0.9999970497384594.


Package fontspec Info: latinmodern-math scale = 0.9998970500334856.


Package fontspec Info: latinmodern-math scale = 0.9999970497384594.


Package fontspec Info: latinmodern-math scale = 0.9998970500334856.


Package fontspec Info: latinmodern-math scale = 0.9999970497384594.


Package fontspec Info: latinmodern-math scale = 0.9998970500334856.


Package fontspec Info: Font family 'latinmodern-math.otf(3)' created for font
(fontspec)             'latinmodern-math.otf' with options
(fontspec)             [Scale=MatchLowercase,BoldItalicFont={},ItalicFont={},Sm
allCapsFont={},Script=Math,SizeFeatures={{Size=10.2-},{Size=7.2-10.2,Font=latin
modern-math.otf,Style=MathScript},{Size=-7.2,Font=latinmodern-math.otf,Style=Ma
thScriptScript}},BoldFont={latinmodern-math.otf},ScaleAgain=0.9999,FontAdjustme
nt={\fontdimen
(fontspec)             8\font =0.48pt\relax \fontdimen 9\font =2.4pt\relax
(fontspec)             \fontdimen 10\font =2.004pt\relax \fontdimen 11\font
(fontspec)             =1.332pt\relax \fontdimen 12\font =7.2pt\relax
(fontspec)             \fontdimen 13\font =0pt\relax }].
(fontspec)              
(fontspec)              This font family consists of the following NFSS
(fontspec)             series/shapes:
(fontspec)              
(fontspec)             - 'normal' (m/n) with NFSS spec.:
(fontspec)             <10.2->s*[0.9998970500334856]"[latinmodern-math.otf]/OT:
script=math;language=dflt;"<7.2-10.2>s*[0.9998970500334856]"[latinmodern-math.o
tf]/OT:script=math;language=dflt;+ssty=0;"<-7.2>s*[0.9998970500334856]"[latinmo
dern-math.otf]/OT:script=math;language=dflt;+ssty=1;"
(fontspec)             - 'small caps'  (m/sc) with NFSS spec.: 
(fontspec)             and font adjustment code:
(fontspec)             \fontdimen 8\font =0.48pt\relax \fontdimen 9\font
(fontspec)             =2.4pt\relax \fontdimen 10\font =2.004pt\relax
(fontspec)             \fontdimen 11\font =1.332pt\relax \fontdimen 12\font
(fontspec)             =7.2pt\relax \fontdimen 13\font =0pt\relax 
(fontspec)             - 'bold' (b/n) with NFSS spec.:
(fontspec)             <->s*[0.9998970500334856]"[latinmodern-math.otf]/OT:scri
pt=math;language=dflt;"
(fontspec)             - 'bold small caps'  (b/sc) with NFSS spec.: 
(fontspec)             and font adjustment code:
(fontspec)             \fontdimen 8\font =0.48pt\relax \fontdimen 9\font
(fontspec)             =2.4pt\relax \fontdimen 10\font =2.004pt\relax
(fontspec)             \fontdimen 11\font =1.332pt\relax \fontdimen 12\font
(fontspec)             =7.2pt\relax \fontdimen 13\font =0pt\relax 

LaTeX Font Info:    Encoding `OMX' has changed to `TU' for symbol font
(Font)              `largesymbols' in the math version `normal' on input line 1
35.
LaTeX Font Info:    Overwriting symbol font `largesymbols' in version `normal'
(Font)                  OMX/lmex/m/n --> TU/latinmodern-math.otf(3)/m/n on inpu
t line 135.
LaTeX Font Info:    Encoding `OMX' has changed to `TU' for symbol font
(Font)              `largesymbols' in the math version `bold' on input line 135
.
LaTeX Font Info:    Overwriting symbol font `largesymbols' in version `bold'
(Font)                  OMX/lmex/m/n --> TU/latinmodern-math.otf(3)/b/n on inpu
t line 135.
LaTeX Info: Redefining \microtypecontext on input line 135.
Package microtype Info: Applying patch `item' on input line 135.
Package microtype Info: Applying patch `toc' on input line 135.
Package microtype Info: Applying patch `eqnum' on input line 135.
Package microtype Info: Applying patch `footnote' on input line 135.
Package microtype Info: Applying patch `verbatim' on input line 135.
Package microtype Info: Character protrusion enabled (level 2).
Package microtype Info: Using protrusion set `basicmath'.
Package microtype Info: No adjustment of tracking.
Package microtype Info: No adjustment of spacing.
Package microtype Info: No adjustment of kerning.
(C:\Program Files\MiKTeX\tex/latex/microtype\mt-LatinModernRoman.cfg
File: mt-LatinModernRoman.cfg 2021/02/21 v1.1 microtype config. file: Latin Mod
ern Roman (RS)
)
Package hyperref Info: Link coloring OFF on input line 135.
LaTeX Font Info:    Font shape `TU/latinmodern-math.otf(1)/m/n' will be
(Font)              scaled to size 14.4pt on input line 137.
LaTeX Font Info:    Font shape `TU/latinmodern-math.otf(1)/m/n' will be
(Font)              scaled to size 10.0pt on input line 137.
LaTeX Font Info:    Font shape `TU/latinmodern-math.otf(1)/m/n' will be
(Font)              scaled to size 7.0pt on input line 137.
LaTeX Font Info:    Trying to load font information for OML+lmm on input line 1
37.
(C:\Program Files\MiKTeX\tex/latex/lm\omllmm.fd
File: omllmm.fd 2015/05/01 v1.6.1 Font defs for Latin Modern
)
LaTeX Font Info:    Font shape `TU/latinmodern-math.otf(2)/m/n' will be
(Font)              scaled to size 14.4013pt on input line 137.
LaTeX Font Info:    Font shape `TU/latinmodern-math.otf(2)/m/n' will be
(Font)              scaled to size 10.00092pt on input line 137.
LaTeX Font Info:    Font shape `TU/latinmodern-math.otf(2)/m/n' will be
(Font)              scaled to size 7.00064pt on input line 137.
LaTeX Font Info:    Font shape `TU/latinmodern-math.otf(3)/m/n' will be
(Font)              scaled to size 14.39845pt on input line 137.
LaTeX Font Info:    Font shape `TU/latinmodern-math.otf(3)/m/n' will be
(Font)              scaled to size 9.99893pt on input line 137.
LaTeX Font Info:    Font shape `TU/latinmodern-math.otf(3)/m/n' will be
(Font)              scaled to size 6.99925pt on input line 137.
LaTeX Font Info:    Trying to load font information for U+msa on input line 137
.
(C:\Program Files\MiKTeX\tex/latex/amsfonts\umsa.fd
File: umsa.fd 2013/01/14 v3.01 AMS symbols A
) (C:\Program Files\MiKTeX\tex/latex/microtype\mt-msa.cfg
File: mt-msa.cfg 2006/02/04 v1.1 microtype config. file: AMS symbols (a) (RS)
)
LaTeX Font Info:    Trying to load font information for U+msb on input line 137
.
(C:\Program Files\MiKTeX\tex/latex/amsfonts\umsb.fd
File: umsb.fd 2013/01/14 v3.01 AMS symbols B
) (C:\Program Files\MiKTeX\tex/latex/microtype\mt-msb.cfg
File: mt-msb.cfg 2005/06/01 v1.0 microtype config. file: AMS symbols (b) (RS)
) [1


] [2

] (causalmodels.toc
LaTeX Font Info:    Font shape `TU/latinmodern-math.otf(1)/m/n' will be
(Font)              scaled to size 8.4pt on input line 4.
LaTeX Font Info:    Font shape `TU/latinmodern-math.otf(1)/m/n' will be
(Font)              scaled to size 6.0pt on input line 4.
LaTeX Font Info:    Font shape `TU/latinmodern-math.otf(2)/m/n' will be
(Font)              scaled to size 12.0011pt on input line 4.
LaTeX Font Info:    Font shape `TU/latinmodern-math.otf(2)/m/n' will be
(Font)              scaled to size 8.40076pt on input line 4.
LaTeX Font Info:    Font shape `TU/latinmodern-math.otf(2)/m/n' will be
(Font)              scaled to size 6.00055pt on input line 4.
LaTeX Font Info:    Font shape `TU/latinmodern-math.otf(3)/m/n' will be
(Font)              scaled to size 11.99872pt on input line 4.
LaTeX Font Info:    Font shape `TU/latinmodern-math.otf(3)/m/n' will be
(Font)              scaled to size 8.3991pt on input line 4.
LaTeX Font Info:    Font shape `TU/latinmodern-math.otf(3)/m/n' will be
(Font)              scaled to size 5.99936pt on input line 4.
LaTeX Font Info:    Font shape `TU/lmtt/bx/n' in size <12> not available
(Font)              Font shape `TU/lmtt/b/n' tried instead on input line 23.
[3] [4])
\tf@toc=\write4
\openout4 = `causalmodels.toc'.

[5] [6

] [7] [8

] [9] [10]
Chapter 1.
[11

] [12]
Overfull \hbox (17.1361pt too wide) in paragraph at lines 246--253
 [][] 
 []

[13]
Overfull \hbox (198.99211pt too wide) in paragraph at lines 292--299
 [][] 
 []

[14]
Overfull \hbox (240.1401pt too wide) in paragraph at lines 325--332
 [][] 
 []

[15] [16

] [17] [18]
Chapter 2.
[19

] [20

]
Chapter 3.
[21]
Underfull \hbox (badness 10000) in paragraph at lines 449--450

 []

File: causalmodels_files/figure-latex/unnamed-chunk-16-1.pdf Graphic file (type
 pdf)
<use causalmodels_files/figure-latex/unnamed-chunk-16-1.pdf>
[22] [23] [24] [25]
Overfull \hbox (64.1681pt too wide) in paragraph at lines 577--594
[][] 
 []


Underfull \hbox (badness 10000) in paragraph at lines 604--606

 []

[26]
Overfull \hbox (53.19212pt too wide) in paragraph at lines 633--650
[][] 
 []

[27]
Underfull \hbox (badness 10000) in paragraph at lines 714--717
\TU/lmtt/m/n/12 make_model("X->Y") %>% set_restrictions(statement =  "(Y
 []


Overfull \hbox (66.65198pt too wide) in paragraph at lines 717--719
\TU/lmr/m/n/12 instance: \TU/lmtt/m/n/12 make_model("A -> B <- C") %>% set_rest
rictions("(B[C=1]==1)")
 []

[28]
Underfull \hbox (badness 1048) in paragraph at lines 719--721
[]\TU/lmr/m/n/12 To place restrictions on multiple nodes at the same time, pro-

 []


Underfull \hbox (badness 1292) in paragraph at lines 719--721
\TU/lmr/m/n/12 vide these as a vector of restrictions. This is not permitted:
 []


Overfull \hbox (50.08937pt too wide) in paragraph at lines 719--721
\TU/lmr/m/n/12 lated restrictions. This however is allowed: \TU/lmtt/m/n/12 set
_restrictions(c("Y[X=1]==1",
 []


Underfull \hbox (badness 10000) in paragraph at lines 719--721

 []


Underfull \hbox (badness 10000) in paragraph at lines 723--725
\TU/lmtt/m/n/12 -> Y <- R <- X; X -> C -> R") %>% set_restrictions(labels
 []


Underfull \hbox (badness 10000) in paragraph at lines 723--725
\TU/lmtt/m/n/12 = list(C = "C1000", R = "R0001", Y = "Y0001"), keep =
 []

[29]
Overfull \hbox (64.1681pt too wide) in paragraph at lines 776--801
[][] 
 []


Overfull \hbox (79.95212pt too wide) in paragraph at lines 812--837
[][] 
 []

[30]
Underfull \hbox (badness 4048) in paragraph at lines 844--846
[]\TU/lmr/m/n/12 Ordering of conditioning can also be controlled however via
 []

[31]
Overfull \hbox (24.83986pt too wide) in paragraph at lines 863--865
[]\TU/lmtt/m/n/12 make_model("A -> W <- B ; A <-> W; B <-> W")$parameters_df
 []


Overfull \hbox (24.83986pt too wide) in paragraph at lines 865--866
[]\TU/lmtt/m/n/12 make_model("A <- W -> B ; A <-> W; B <-> W")$parameters_df
 []


Overfull \hbox (57.1158pt too wide) in paragraph at lines 865--866
\TU/lmtt/m/n/12 %>% dim \TU/lmr/m/n/12 In this case we have $[][][][][] [][][] 
[][][] [] [][][][][][][][] [][][][][][][][] [][][][][]$
 []

File: causalmodels_files/figure-latex/unnamed-chunk-26-1.pdf Graphic file (type
 pdf)
<use causalmodels_files/figure-latex/unnamed-chunk-26-1.pdf>

Underfull \vbox (badness 10000) has occurred while \output is active []

[32] [33]
Overfull \hbox (92.03996pt too wide) in paragraph at lines 923--923
[]\TU/lmtt/m/n/12 No specific parameters to alter values for specified. Alterin
g all parameters.[] 
 []

[34]
Overfull \hbox (194.6481pt too wide) in paragraph at lines 989--996
[][] 
 []


Overfull \hbox (194.6361pt too wide) in paragraph at lines 1009--1016
[][] 
 []


Overfull \hbox (194.6361pt too wide) in paragraph at lines 1025--1032
[][] 
 []

[35] [36] [37] [38]
Chapter 4.
LaTeX Font Info:    Font shape `TU/lmtt/bx/n' in size <24.88> not available
(Font)              Font shape `TU/lmtt/b/n' tried instead on input line 1106.
LaTeX Font Info:    Font shape `TU/lmtt/bx/n' in size <17.28> not available
(Font)              Font shape `TU/lmtt/b/n' tried instead on input line 1125.
[39

] [40] [41] [42] [43] [44]
Overfull \hbox (67.3199pt too wide) in paragraph at lines 1402--1402
[]\TU/lmtt/m/n/12 // Cases in which a parameter set has only one value need spe
cial handling[] 
 []


Overfull \hbox (54.95992pt too wide) in paragraph at lines 1402--1402
[]\TU/lmtt/m/n/12 // they have no gamma components and sum_gamma needs to be ma
de manually[] 
 []


Overfull \hbox (11.6999pt too wide) in paragraph at lines 1402--1402
[]    \TU/lmtt/m/n/12 append_row(1, gamma[(l_starts[i] - (i-1)):(l_ends[i] - i)
]) /[] 
 []


Overfull \hbox (17.87996pt too wide) in paragraph at lines 1402--1402
[] \TU/lmtt/m/n/12 parlam2[i,] = col_sums(parlam[(node_starts[i]):(node_ends[i]
),]);[] 
 []

[45]
Overfull \hbox (24.05992pt too wide) in paragraph at lines 1402--1402
[] \TU/lmtt/m/n/12 // last (if confounding): map to n_data columns instead of n
_paths[] 
 []


Underfull \vbox (badness 4752) has occurred while \output is active []

[46] [47] [48] [49] [50] [51]
Overfull \hbox (17.85593pt too wide) in paragraph at lines 1602--1602
[]\TU/lmtt/m/n/12 Samples were drawn using NUTS(diag_e) at Thu Oct 12 16:06:37 
2023.[] 
 []


Overfull \hbox (42.59988pt too wide) in paragraph at lines 1602--1602
[]\TU/lmtt/m/n/12 For each parameter, n_eff is a crude measure of effective sam
ple size,[] 
 []


Overfull \hbox (30.23993pt too wide) in paragraph at lines 1602--1602
[]\TU/lmtt/m/n/12 and Rhat is the potential scale reduction factor on split cha
ins (at[] 
 []

[52] [53] [54

]
Chapter 5.

Overfull \hbox (6.94536pt too wide) in paragraph at lines 1645--1646
\TU/lmr/m/n/12 functions. The difference between these functions is that \TU/lm
tt/m/n/12 query_distribution
 []

[55]
Overfull \hbox (304.0161pt too wide) in paragraph at lines 1681--1692
 [][] 
 []

[56]
File: causalmodels_files/figure-latex/unnamed-chunk-45-1.pdf Graphic file (type
 pdf)
<use causalmodels_files/figure-latex/unnamed-chunk-45-1.pdf>
[57]
File: causalmodels_files/figure-latex/unnamed-chunk-46-1.pdf Graphic file (type
 pdf)
<use causalmodels_files/figure-latex/unnamed-chunk-46-1.pdf>
[58]
Overfull \hbox (312.27211pt too wide) in paragraph at lines 1765--1778
 [][] 
 []

[59] [60

] [61] [62]
Chapter 6.
LaTeX Font Info:    Font shape `TU/latinmodern-math.otf(1)/m/n' will be
(Font)              scaled to size 17.28pt on input line 1794.
LaTeX Font Info:    Font shape `TU/latinmodern-math.otf(2)/m/n' will be
(Font)              scaled to size 17.28157pt on input line 1794.
LaTeX Font Info:    Font shape `TU/latinmodern-math.otf(3)/m/n' will be
(Font)              scaled to size 17.27815pt on input line 1794.

Overfull \hbox (1482.53957pt too wide) in paragraph at lines 1819--1819
[]\TU/lmtt/m/n/12 ## Warning in make_par_values(model, alter = "param_value", x
 = parameters, : A specified condition matches multiple parameters. In these ca
ses it is unclear which parameter value should be assigned to which parameter. 
Assignment thus defaults to the order in which parameters appear in []parameter
s_df[].[] 
 []


Overfull \hbox (110.57993pt too wide) in paragraph at lines 1819--1819
[]\TU/lmtt/m/n/12 ##  We advise checking that parameter assignment was carried 
out as you intended.[] 
 []

[63

]
Overfull \hbox (280.32013pt too wide) in paragraph at lines 1878--1889
[][] 
 []


Underfull \vbox (badness 4316) has occurred while \output is active []

[64]
File: causalmodels_files/figure-latex/PChist-1.pdf Graphic file (type pdf)
<use causalmodels_files/figure-latex/PChist-1.pdf>
[65]
File: causalmodels_files/figure-latex/ap_with_conf-1.pdf Graphic file (type pdf
)
<use causalmodels_files/figure-latex/ap_with_conf-1.pdf>

Overfull \hbox (79.95212pt too wide) in paragraph at lines 1932--1957
 [][] 
 []

[66]
File: causalmodels_files/figure-latex/unnamed-chunk-61-1.pdf Graphic file (type
 pdf)
<use causalmodels_files/figure-latex/unnamed-chunk-61-1.pdf>
[67] [68]
Overfull \hbox (126.8481pt too wide) in paragraph at lines 2001--2008
[][] 
 []


Overfull \hbox (89.6961pt too wide) in paragraph at lines 2021--2030
[][] 
 []

[69]
File: causalmodels_files/figure-latex/unnamed-chunk-66-1.pdf Graphic file (type
 pdf)
<use causalmodels_files/figure-latex/unnamed-chunk-66-1.pdf>
[70]
File: causalmodels_files/figure-latex/unnamed-chunk-68-1.pdf Graphic file (type
 pdf)
<use causalmodels_files/figure-latex/unnamed-chunk-68-1.pdf>

Underfull \hbox (badness 10000) in paragraph at lines 2073--2075
[][]
 []


Overfull \hbox (232.60411pt too wide) in paragraph at lines 2098--2109
[][] 
 []


Underfull \vbox (badness 10000) has occurred while \output is active []

[71]
File: causalmodels_files/figure-latex/appsimpmod-1.pdf Graphic file (type pdf)
<use causalmodels_files/figure-latex/appsimpmod-1.pdf>
[72]
Overfull \hbox (229.0161pt too wide) in paragraph at lines 2152--2163
[][] 
 []

[73] [74

]
Chapter 7.
[75]
Overfull \hbox (177.75209pt too wide) in paragraph at lines 2192--2201
[][] 
 []


Overfull \hbox (228.4281pt too wide) in paragraph at lines 2222--2229
 [][] 
 []


Overfull \hbox (228.4281pt too wide) in paragraph at lines 2235--2242
 [][] 
 []


Underfull \vbox (badness 1762) has occurred while \output is active []

[76]
File: causalmodels_files/figure-latex/appbillysuzy1-1.pdf Graphic file (type pd
f)
<use causalmodels_files/figure-latex/appbillysuzy1-1.pdf>

Underfull \vbox (badness 10000) has occurred while \output is active []


Overfull \hbox (116.44427pt too wide) has occurred while \output is active
\TU/lmr/m/sl/12 7.2.  ACTUAL CAUSATION: BILLY AND SUZY’S MODERATOR AND MEDIATIO
N MODEL \TU/lmr/m/n/12 77
 []

[77]
Underfull \vbox (badness 1043) has occurred while \output is active []

[78]
Overfull \hbox (330.41609pt too wide) in paragraph at lines 2293--2310
[][] 
 []


Overfull \hbox (330.41609pt too wide) in paragraph at lines 2319--2336
 [][] 
 []

[79]
File: causalmodels_files/figure-latex/appdiagnosis-1.pdf Graphic file (type pdf
)
<use causalmodels_files/figure-latex/appdiagnosis-1.pdf>

Underfull \vbox (badness 10000) has occurred while \output is active []

[80]
Overfull \hbox (174.8001pt too wide) in paragraph at lines 2369--2382
[][] 
 []

[81] [82

]
Chapter 8.

Underfull \vbox (badness 1308) has occurred while \output is active []

[83]
Overfull \hbox (359.45615pt too wide) in paragraph at lines 2423--2446
[][] 
 []


Overfull \hbox (302.50414pt too wide) in paragraph at lines 2451--2466
[][] 
 []

[84]
LaTeX Font Info:    Font shape `TU/latinmodern-math.otf(1)/m/n' will be
(Font)              scaled to size 5.0pt on input line 2472.
LaTeX Font Info:    Font shape `TU/latinmodern-math.otf(2)/m/n' will be
(Font)              scaled to size 5.00046pt on input line 2472.
LaTeX Font Info:    Font shape `TU/latinmodern-math.otf(3)/m/n' will be
(Font)              scaled to size 4.99947pt on input line 2472.
File: causalmodels_files/figure-latex/appdsepar-1.pdf Graphic file (type pdf)
<use causalmodels_files/figure-latex/appdsepar-1.pdf>

Underfull \vbox (badness 10000) has occurred while \output is active []

[85]
Overfull \hbox (330.5121pt too wide) in paragraph at lines 2507--2524
 [][] 
 []

[86] [87] [88]
Overfull \hbox (214.66411pt too wide) in paragraph at lines 2595--2606
 [][] 
 []


Overfull \hbox (214.66411pt too wide) in paragraph at lines 2612--2623
 [][] 
 []


Overfull \hbox (214.66411pt too wide) in paragraph at lines 2629--2640
 [][] 
 []


Overfull \hbox (214.66411pt too wide) in paragraph at lines 2646--2657
 [][] 
 []

[89] [90]
Overfull \hbox (422.9121pt too wide) in paragraph at lines 2689--2704
[][] 
 []


Underfull \hbox (badness 4316) in paragraph at lines 2707--2707
[][][]\TU/lmr/m/n/10 These quantities can be calculated by the \TU/lmtt/m/n/10 
CQtools \TU/lmr/m/n/10 package, still in al-
 []


Overfull \hbox (139.9124pt too wide) has occurred while \output is active
\TU/lmr/m/sl/12 8.4.  CLUE SELECTION: CLUES AT THE CENTER OF CHAINS CAN BE MORE
 INFORMATIVE \TU/lmr/m/n/12 91
 []

[91] [92

]
Chapter 9.
[93]
File: causalmodels_files/figure-latex/unnamed-chunk-94-1.pdf Graphic file (type
 pdf)
<use causalmodels_files/figure-latex/unnamed-chunk-94-1.pdf>
[94]
File: causalmodels_files/figure-latex/appinstruments-1.pdf Graphic file (type p
df)
<use causalmodels_files/figure-latex/appinstruments-1.pdf>

Overfull \hbox (206.8281pt too wide) in paragraph at lines 2767--2780
[][] 
 []


Underfull \vbox (badness 3612) has occurred while \output is active []

[95]
Overfull \hbox (206.8281pt too wide) in paragraph at lines 2792--2805
[][] 
 []

File: causalmodels_files/figure-latex/appfrontdoor-1.pdf Graphic file (type pdf
)
<use causalmodels_files/figure-latex/appfrontdoor-1.pdf>

Underfull \vbox (badness 10000) has occurred while \output is active []

[96]
File: causalmodels_files/figure-latex/appfrontdoor2-1.pdf Graphic file (type pd
f)
<use causalmodels_files/figure-latex/appfrontdoor2-1.pdf>

Underfull \vbox (badness 10000) has occurred while \output is active []

[97] [98]
Overfull \hbox (156.3681pt too wide) in paragraph at lines 2851--2868
[][] 
 []


Overfull \hbox (156.3681pt too wide) in paragraph at lines 2873--2886
[][] 
 []


Overfull \hbox (41.24557pt too wide) has occurred while \output is active
\TU/lmr/m/sl/12 9.5.  ADDRESSING BOTH SAMPLE SELECTION BIAS AND CONFOUNDING \TU
/lmr/m/n/12 99
 []

[99]
File: causalmodels_files/figure-latex/unnamed-chunk-100-1.pdf Graphic file (typ
e pdf)
<use causalmodels_files/figure-latex/unnamed-chunk-100-1.pdf>

Overfull \hbox (204.4521pt too wide) in paragraph at lines 2916--2925
 [][] 
 []

[100]
Overfull \hbox (47.12558pt too wide) has occurred while \output is active
\TU/lmr/m/sl/12 9.5.  ADDRESSING BOTH SAMPLE SELECTION BIAS AND CONFOUNDING \TU
/lmr/m/n/12 101
 []

[101] [102]
Overfull \hbox (1482.53957pt too wide) in paragraph at lines 3061--3061
[]\TU/lmtt/m/n/12 ## Warning in make_par_values(model, alter = "param_value", x
 = parameters, : A specified condition matches multiple parameters. In these ca
ses it is unclear which parameter value should be assigned to which parameter. 
Assignment thus defaults to the order in which parameters appear in []parameter
s_df[].[] 
 []


Overfull \hbox (110.57993pt too wide) in paragraph at lines 3061--3061
[]\TU/lmtt/m/n/12 ##  We advise checking that parameter assignment was carried 
out as you intended.[] 
 []

[103]
Overfull \hbox (1482.53957pt too wide) in paragraph at lines 3061--3061
[]\TU/lmtt/m/n/12 ## Warning in make_par_values(model, alter = "param_value", x
 = parameters, : A specified condition matches multiple parameters. In these ca
ses it is unclear which parameter value should be assigned to which parameter. 
Assignment thus defaults to the order in which parameters appear in []parameter
s_df[].[] 
 []


Overfull \hbox (110.57993pt too wide) in paragraph at lines 3061--3061
[]\TU/lmtt/m/n/12 ##  We advise checking that parameter assignment was carried 
out as you intended.[] 
 []

File: causalmodels_files/figure-latex/applearncoll-1.pdf Graphic file (type pdf
)
<use causalmodels_files/figure-latex/applearncoll-1.pdf>

Overfull \hbox (259.05211pt too wide) in paragraph at lines 3082--3099
[][] 
 []


Underfull \vbox (badness 10000) has occurred while \output is active []

[104] [105] [106]
Overfull \hbox (273.76411pt too wide) in paragraph at lines 3210--3227
 [][] 
 []


Overfull \hbox (273.76411pt too wide) in paragraph at lines 3237--3254
 [][] 
 []

[107] [108]
Chapter 10.
[109

]
File: causalmodels_files/figure-latex/appmm2-1.pdf Graphic file (type pdf)
<use causalmodels_files/figure-latex/appmm2-1.pdf>
[110]
Overfull \hbox (121.6041pt too wide) in paragraph at lines 3308--3315
[][] 
 []


Overfull \hbox (11.26028pt too wide) has occurred while \output is active
\TU/lmr/m/sl/12 10.1.  USING WITHIN CASE DATA TO HELP WITH IDENTIFICATION \TU/l
mr/m/n/12 111
 []

[111]
File: causalmodels_files/figure-latex/ch17mmfig-1.pdf Graphic file (type pdf)
<use causalmodels_files/figure-latex/ch17mmfig-1.pdf>

Underfull \vbox (badness 10000) has occurred while \output is active []

[112]
Overfull \hbox (1482.53957pt too wide) in paragraph at lines 3400--3400
[]\TU/lmtt/m/n/12 ## Warning in make_par_values(model, alter = "param_value", x
 = parameters, : A specified condition matches multiple parameters. In these ca
ses it is unclear which parameter value should be assigned to which parameter. 
Assignment thus defaults to the order in which parameters appear in []parameter
s_df[].[] 
 []


Overfull \hbox (110.57993pt too wide) in paragraph at lines 3400--3400
[]\TU/lmtt/m/n/12 ##  We advise checking that parameter assignment was carried 
out as you intended.[] 
 []


Overfull \hbox (1482.53957pt too wide) in paragraph at lines 3400--3400
[]\TU/lmtt/m/n/12 ## Warning in make_par_values(model, alter = "param_value", x
 = parameters, : A specified condition matches multiple parameters. In these ca
ses it is unclear which parameter value should be assigned to which parameter. 
Assignment thus defaults to the order in which parameters appear in []parameter
s_df[].[] 
 []


Overfull \hbox (110.57993pt too wide) in paragraph at lines 3400--3400
[]\TU/lmtt/m/n/12 ##  We advise checking that parameter assignment was carried 
out as you intended.[] 
 []

File: causalmodels_files/figure-latex/apppaths-1.pdf Graphic file (type pdf)
<use causalmodels_files/figure-latex/apppaths-1.pdf>

Underfull \vbox (badness 10000) has occurred while \output is active []

[113]
Overfull \hbox (121.25209pt too wide) in paragraph at lines 3427--3444
 [][] 
 []


Overfull \hbox (153.63211pt too wide) in paragraph at lines 3452--3463
 [][] 
 []

[114]
Overfull \hbox (153.63211pt too wide) in paragraph at lines 3484--3495
 [][] 
 []


Underfull \vbox (badness 10000) has occurred while \output is active []

[115] [116]
File: causalmodels_files/figure-latex/unnamed-chunk-108-1.pdf Graphic file (typ
e pdf)
<use causalmodels_files/figure-latex/unnamed-chunk-108-1.pdf>
File: causalmodels_files/figure-latex/unnamed-chunk-108-2.pdf Graphic file (typ
e pdf)
<use causalmodels_files/figure-latex/unnamed-chunk-108-2.pdf>

Underfull \hbox (badness 10000) in paragraph at lines 3577--3578
[][]
 []


Underfull \vbox (badness 10000) has occurred while \output is active []

[117]
Overfull \hbox (316.18411pt too wide) in paragraph at lines 3597--3614
 [][] 
 []


Overfull \hbox (316.18411pt too wide) in paragraph at lines 3620--3637
 [][] 
 []

[118] [119] [120

]
Chapter 11.
File: causalmodels_files/figure-latex/extval-1.pdf Graphic file (type pdf)
<use causalmodels_files/figure-latex/extval-1.pdf>
[121]
Overfull \hbox (193.1121pt too wide) in paragraph at lines 3678--3707
[][] 
 []


Underfull \vbox (badness 10000) has occurred while \output is active []


Overfull \hbox (36.08417pt too wide) has occurred while \output is active
\TU/lmr/m/n/12 122 \TU/lmr/m/sl/12 CHAPTER 11.  EXTERNAL VALIDITY AND INFERENCE
 AGGREGATION
 []

[122]
Overfull \hbox (189.2001pt too wide) in paragraph at lines 3736--3765
 [][] 
 []

[123]
Overfull \hbox (189.2001pt too wide) in paragraph at lines 3775--3804
 [][] 
 []


Underfull \hbox (badness 1515) in paragraph at lines 3807--3807
[]\TU/lmr/bx/n/17.28 Combining observational and experi-
 []


Overfull \hbox (36.08417pt too wide) has occurred while \output is active
\TU/lmr/m/n/12 124 \TU/lmr/m/sl/12 CHAPTER 11.  EXTERNAL VALIDITY AND INFERENCE
 AGGREGATION
 []

[124]
File: causalmodels_files/figure-latex/appcombexpob-1.pdf Graphic file (type pdf
)
<use causalmodels_files/figure-latex/appcombexpob-1.pdf>

Underfull \vbox (badness 10000) has occurred while \output is active []

[125]
Overfull \hbox (1482.53957pt too wide) in paragraph at lines 3841--3841
[]\TU/lmtt/m/n/12 ## Warning in make_par_values(model, alter = "param_value", x
 = parameters, : A specified condition matches multiple parameters. In these ca
ses it is unclear which parameter value should be assigned to which parameter. 
Assignment thus defaults to the order in which parameters appear in []parameter
s_df[].[] 
 []


Overfull \hbox (110.57993pt too wide) in paragraph at lines 3841--3841
[]\TU/lmtt/m/n/12 ##  We advise checking that parameter assignment was carried 
out as you intended.[] 
 []


Overfull \hbox (36.08417pt too wide) has occurred while \output is active
\TU/lmr/m/n/12 126 \TU/lmr/m/sl/12 CHAPTER 11.  EXTERNAL VALIDITY AND INFERENCE
 AGGREGATION
 []

[126]
Overfull \hbox (1482.53957pt too wide) in paragraph at lines 3857--3857
[]\TU/lmtt/m/n/12 ## Warning in make_par_values(model, alter = "param_value", x
 = parameters, : A specified condition matches multiple parameters. In these ca
ses it is unclear which parameter value should be assigned to which parameter. 
Assignment thus defaults to the order in which parameters appear in []parameter
s_df[].[] 
 []


Overfull \hbox (110.57993pt too wide) in paragraph at lines 3857--3857
[]\TU/lmtt/m/n/12 ##  We advise checking that parameter assignment was carried 
out as you intended.[] 
 []


Overfull \hbox (127.6521pt too wide) in paragraph at lines 3877--3888
 [][] 
 []


Overfull \hbox (121.7361pt too wide) in paragraph at lines 3896--3907
 [][] 
 []

[127]
Overfull \hbox (7.9921pt too wide) in paragraph at lines 3929--3936
 [][] 
 []


Overfull \hbox (147.60811pt too wide) in paragraph at lines 3946--3957
[][] 
 []


Overfull \hbox (147.60811pt too wide) in paragraph at lines 3970--3981
[][] 
 []


Overfull \hbox (36.08417pt too wide) has occurred while \output is active
\TU/lmr/m/n/12 128 \TU/lmr/m/sl/12 CHAPTER 11.  EXTERNAL VALIDITY AND INFERENCE
 AGGREGATION
 []

[128]
Overfull \hbox (201.46411pt too wide) in paragraph at lines 3988--4001
[][] 
 []

File: causalmodels_files/figure-latex/jigsaw-1.pdf Graphic file (type pdf)
<use causalmodels_files/figure-latex/jigsaw-1.pdf>

Underfull \vbox (badness 1189) has occurred while \output is active []

[129]
Overfull \hbox (86.72409pt too wide) in paragraph at lines 4055--4064
 [][] 
 []


Overfull \hbox (36.08417pt too wide) has occurred while \output is active
\TU/lmr/m/n/12 130 \TU/lmr/m/sl/12 CHAPTER 11.  EXTERNAL VALIDITY AND INFERENCE
 AGGREGATION
 []

[130]
Overfull \hbox (86.72409pt too wide) in paragraph at lines 4070--4079
 [][] 
 []


Overfull \hbox (86.72409pt too wide) in paragraph at lines 4085--4094
 [][] 
 []


Overfull \hbox (86.72409pt too wide) in paragraph at lines 4104--4121
 [][] 
 []

[131]
Overfull \hbox (36.08417pt too wide) has occurred while \output is active
\TU/lmr/m/n/12 132 \TU/lmr/m/sl/12 CHAPTER 11.  EXTERNAL VALIDITY AND INFERENCE
 AGGREGATION
 []

[132] [133

] [134]
Chapter 12.
[135

]
Underfull \vbox (badness 10000) has occurred while \output is active []

[136]
Underfull \hbox (badness 5954) in paragraph at lines 4196--4197
[]\TU/lmtt/m/n/12 make_model("X->Y") %>% get_query_types("Y==1") \TU/lmr/m/n/12
 Figures
 []


Overfull \hbox (24.83995pt too wide) in paragraph at lines 4206--4207
[]\TU/lmtt/m/n/12 make_model("X->M->Y") %>% get_query_types("Y[X=1]>Y[X=0]")
 []


Overfull \hbox (0.11995pt too wide) in paragraph at lines 4214--4215
[]\TU/lmtt/m/n/12 make_model("X->M->Y") %>% get_query_types("Y[M=M[X=0],
 []


Overfull \hbox (6.29994pt too wide) in paragraph at lines 4222--4224
[]\TU/lmtt/m/n/12 make_model("X->Y") %>% get_query_types("(Y[X = .]==1)",
 []

[137]
Overfull \hbox (6.29994pt too wide) in paragraph at lines 4224--4226
[]\TU/lmtt/m/n/12 make_model("X->Y") %>% get_query_types("(Y[X = .]==1)",
 []


Underfull \hbox (badness 10000) in paragraph at lines 4234--4237
[]\TU/lmtt/m/n/12 make_model("X->Y") %>% query_model("Y[X = 1] > Y[X =
 []


Underfull \hbox (badness 10000) in paragraph at lines 4237--4239
[]\TU/lmtt/m/n/12 make_model("X->M->Y") %>% query_model("Y[X = 1] !=
 []


Underfull \hbox (badness 10000) in paragraph at lines 4251--4253
\TU/lmtt/m/n/12 = 1]) - (C[A = 0, B = 1])) != ((C[A =1, B = 0]) - (C[A =
 []


Underfull \hbox (badness 10000) in paragraph at lines 4253--4255
\TU/lmtt/m/n/12 B = 1]) - (C[A = 0, B = 1])) > ((C[A =1, B = 0]) - (C[A =
 []


Underfull \hbox (badness 10000) in paragraph at lines 4255--4256
\TU/lmtt/m/n/12 B = 1]) - (C[A = 0, B = 1])) < ((C[A =1, B = 0]) - (C[A =
 []

[138]
Overfull \hbox (172.37961pt too wide) in paragraph at lines 4289--4289
[] \TU/lmtt/m/n/12 query =  ((B[A = 1, C = 1]) - (B[A = 0, C = 1])) < ((B[A = 1
, C = 0]) - (B[A = 0, C = 0]))[] 
 []

(causalmodels.bbl [139] [140

] [141]) [142] (causalmodels.aux)
 ***********
LaTeX2e <2023-06-01> patch level 1
L3 programming layer <2023-08-29>
 ***********

LaTeX Warning: There were multiply-defined labels.

 ) 
Here is how much of TeX's memory you used:
 19778 strings out of 410378
 362227 string characters out of 5792292
 1938432 words of memory out of 5000000
 40812 multiletter control sequences out of 15000+600000
 566538 words of font info for 113 fonts, out of 8000000 for 9000
 1348 hyphenation exceptions out of 8191
 90i,8n,120p,1088b,744s stack positions out of 10000i,1000n,20000p,200000b,200000s

Output written on causalmodels.pdf (142 pages).
